<?xml version="1.0" encoding="UTF-8"?>
<testsuite xmlns:xsi="http://www.w3.org/2001/XMLSchema-instance" xsi:noNamespaceSchemaLocation="https://maven.apache.org/surefire/maven-surefire-plugin/xsd/surefire-test-report-3.0.xsd" version="3.0" name="test.TransportistaTest" time="3.232" tests="2" errors="0" skipped="0" failures="0">
  <properties>
[...]
</properties>
  <testcase name="testCrearTransportista" classname="test.TransportistaTest" time="0.123">
    <system-out><![CDATA[Hibernate: 
    
    drop table if exists categorias_productos
Hibernate: 
    
    drop table if exists clientes
Hibernate: 
    
    drop table if exists depositos
Hibernate: 
    
    drop table if exists depositoS_sectores
Hibernate: 
    
    drop table if exists empleados
Hibernate: 
    
    drop table if exists productos
Hibernate: 
    
    drop table if exists proveedores
Hibernate: 
    
    drop table if exists sectores
Hibernate: 
    
    drop table if exists tipo_transportista
Hibernate: 
    
    drop table if exists transportistas
Hibernate: 
    
    create table categorias_productos (
       id bigint not null auto_increment,
        nombre varchar(255),
        primary key (id)
    ) engine=MyISAM
Hibernate: 
    
    create table clientes (
       id bigint not null auto_increment,
        apellido varchar(255),
        cuit varchar(255),
        direccion varchar(255),
        estado varchar(255),
        nombre varchar(255),
        telefono varchar(255),
        primary key (id)
    ) engine=MyISAM
Hibernate: 
    
    create table depositos (
       id bigint not null auto_increment,
        codigo varchar(255),
        continente varchar(255),
        direccion varchar(255),
        email varchar(255),
        estado varchar(255),
        nombre varchar(255),
        latitud double precision not null,
        longitud double precision not null,
        telefono varchar(255),
        empleado_id bigint,
        primary key (id)
    ) engine=MyISAM
Hibernate: 
    
    create table depositoS_sectores (
       sector_id bigint not null,
        deposito_id bigint not null
    ) engine=MyISAM
Hibernate: 
    
    create table empleados (
       id bigint not null auto_increment,
        apellido varchar(255),
        cuit varchar(255),
        direccion varchar(255),
        estado varchar(255),
        nombre varchar(255),
        telefono varchar(255),
        primary key (id)
    ) engine=MyISAM
Hibernate: 
    
    create table productos (
       id bigint not null auto_increment,
        altura double precision not null,
        ancho double precision not null,
        codigo varchar(255),
        estado varchar(255),
        largo double precision not null,
        nombre varchar(255),
        peso double precision not null,
        categoria_id bigint,
        proveedor_id bigint,
        primary key (id)
    ) engine=MyISAM
Hibernate: 
    
    create table proveedores (
       id bigint not null auto_increment,
        cuit varchar(255),
        direccion varchar(255),
        email varchar(255),
        estado varchar(255),
        nombre varchar(255),
        telefono varchar(255),
        primary key (id)
    ) engine=MyISAM
Hibernate: 
    
    create table sectores (
       id bigint not null auto_increment,
        descripcion varchar(255),
        estado varchar(255),
        primary key (id)
    ) engine=MyISAM
Hibernate: 
    
    create table tipo_transportista (
       id bigint not null auto_increment,
        descripcion varchar(255),
        primary key (id)
    ) engine=MyISAM
Hibernate: 
    
    create table transportistas (
       id bigint not null auto_increment,
        cuit varchar(255),
        email varchar(255),
        estado varchar(255),
        nombre varchar(255),
        telefono varchar(255),
        tipo_id bigint,
        primary key (id)
    ) engine=MyISAM
Hibernate: 
    
    alter table depositos 
       add constraint FKl48r8a7t1mfc4kqgj6dk5hk4j 
       foreign key (empleado_id) 
       references empleados (id)
Hibernate: 
    
    alter table depositoS_sectores 
       add constraint FKw5v9wrp26mjm4riobvgda048 
       foreign key (deposito_id) 
       references sectores (id)
Hibernate: 
    
    alter table depositoS_sectores 
       add constraint FKak6qqk5s3oy0besn6gywd73n9 
       foreign key (sector_id) 
       references depositos (id)
Hibernate: 
    
    alter table productos 
       add constraint FK3jyygbjafvkudeln9dj83vnm0 
       foreign key (categoria_id) 
       references categorias_productos (id)
Hibernate: 
    
    alter table productos 
       add constraint FK4s80lxlx2fkci25fcx4r0nbex 
       foreign key (proveedor_id) 
       references proveedores (id)
Hibernate: 
    
    alter table transportistas 
       add constraint FK81dq7wt0ieq7q20odyjx9nx38 
       foreign key (tipo_id) 
       references tipo_transportista (id)
Hibernate: 
    insert 
    into
        transportistas
        (cuit, email, estado, nombre, telefono, tipo_id) 
    values
        (?, ?, ?, ?, ?, ?)
]]></system-out>
    <system-err><![CDATA[sept 30, 2023 12:11:51 P. M. org.hibernate.jpa.internal.util.LogHelper logPersistenceUnitInformation
INFO: HHH000204: Processing PersistenceUnitInfo [name: JPAPU]
sept 30, 2023 12:11:51 P. M. org.hibernate.Version logVersion
INFO: HHH000412: Hibernate Core {5.4.10.Final}
sept 30, 2023 12:11:51 P. M. org.hibernate.annotations.common.reflection.java.JavaReflectionManager <clinit>
INFO: HCANN000001: Hibernate Commons Annotations {5.1.0.Final}
sept 30, 2023 12:11:52 P. M. org.hibernate.engine.jdbc.connections.internal.DriverManagerConnectionProviderImpl configure
WARN: HHH10001002: Using Hibernate built-in connection pool (not for production use!)
sept 30, 2023 12:11:52 P. M. org.hibernate.engine.jdbc.connections.internal.DriverManagerConnectionProviderImpl buildCreator
INFO: HHH10001005: using driver [com.mysql.cj.jdbc.Driver] at URL [jdbc:mysql://localhost:3306/gestion_pedidos]
sept 30, 2023 12:11:52 P. M. org.hibernate.engine.jdbc.connections.internal.DriverManagerConnectionProviderImpl buildCreator
INFO: HHH10001001: Connection properties: {password=****, user=root}
sept 30, 2023 12:11:52 P. M. org.hibernate.engine.jdbc.connections.internal.DriverManagerConnectionProviderImpl buildCreator
INFO: HHH10001003: Autocommit mode: false
sept 30, 2023 12:11:52 P. M. org.hibernate.engine.jdbc.connections.internal.DriverManagerConnectionProviderImpl$PooledConnections <init>
INFO: HHH000115: Hibernate connection pool size: 20 (min=1)
sept 30, 2023 12:11:52 P. M. org.hibernate.dialect.Dialect <init>
INFO: HHH000400: Using dialect: org.hibernate.dialect.MySQL5Dialect
sept 30, 2023 12:11:53 P. M. org.hibernate.resource.transaction.backend.jdbc.internal.DdlTransactionIsolatorNonJtaImpl getIsolatedConnection
INFO: HHH10001501: Connection obtained from JdbcConnectionAccess [org.hibernate.engine.jdbc.env.internal.JdbcEnvironmentInitiator$ConnectionProviderJdbcConnectionAccess@1c7350b0] for (non-JTA) DDL execution was not in auto-commit mode; the Connection 'local transaction' will be committed and the Connection will be set into auto-commit mode.
sept 30, 2023 12:11:53 P. M. org.hibernate.resource.transaction.backend.jdbc.internal.DdlTransactionIsolatorNonJtaImpl getIsolatedConnection
INFO: HHH10001501: Connection obtained from JdbcConnectionAccess [org.hibernate.engine.jdbc.env.internal.JdbcEnvironmentInitiator$ConnectionProviderJdbcConnectionAccess@526a9908] for (non-JTA) DDL execution was not in auto-commit mode; the Connection 'local transaction' will be committed and the Connection will be set into auto-commit mode.
sept 30, 2023 12:11:54 P. M. org.hibernate.engine.transaction.jta.platform.internal.JtaPlatformInitiator initiateService
INFO: HHH000490: Using JtaPlatform implementation: [org.hibernate.engine.transaction.jta.platform.internal.NoJtaPlatform]
]]></system-err>
  </testcase>
  <testcase name="testEditarTransportista" classname="test.TransportistaTest" time="0.006">
    <system-out><![CDATA[Hibernate: 
    insert 
    into
        transportistas
        (cuit, email, estado, nombre, telefono, tipo_id) 
    values
        (?, ?, ?, ?, ?, ?)
]]></system-out>
  </testcase>
</testsuite>